-------------------------------------------------------------------------------
Test set: com.glv.AscenseurGlvApplicationTests
-------------------------------------------------------------------------------
Tests run: 1, Failures: 0, Errors: 1, Skipped: 0, Time elapsed: 3.518 s <<< FAILURE! - in com.glv.AscenseurGlvApplicationTests
contextLoads  Time elapsed: 0.008 s  <<< ERROR!
java.lang.IllegalStateException: Failed to load ApplicationContext
Caused by: org.springframework.beans.factory.UnsatisfiedDependencyException: Error creating bean with name 'org.springframework.boot.autoconfigure.orm.jpa.HibernateJpaConfiguration': Unsatisfied dependency expressed through constructor parameter 0; nested exception is org.springframework.beans.factory.BeanCreationException: Error creating bean with name 'dataSource' defined in class path resource [com/glv/DatabaseConfig.class]: Bean instantiation via factory method failed; nested exception is org.springframework.beans.BeanInstantiationException: Failed to instantiate [javax.sql.DataSource]: Factory method 'dataSource' threw exception; nested exception is java.lang.RuntimeException: Failed to get driver instance for jdbcUrl=mysql://localhost:3306/demande_devis?serverTimezone=UTC
Caused by: org.springframework.beans.factory.BeanCreationException: Error creating bean with name 'dataSource' defined in class path resource [com/glv/DatabaseConfig.class]: Bean instantiation via factory method failed; nested exception is org.springframework.beans.BeanInstantiationException: Failed to instantiate [javax.sql.DataSource]: Factory method 'dataSource' threw exception; nested exception is java.lang.RuntimeException: Failed to get driver instance for jdbcUrl=mysql://localhost:3306/demande_devis?serverTimezone=UTC
Caused by: org.springframework.beans.BeanInstantiationException: Failed to instantiate [javax.sql.DataSource]: Factory method 'dataSource' threw exception; nested exception is java.lang.RuntimeException: Failed to get driver instance for jdbcUrl=mysql://localhost:3306/demande_devis?serverTimezone=UTC
Caused by: java.lang.RuntimeException: Failed to get driver instance for jdbcUrl=mysql://localhost:3306/demande_devis?serverTimezone=UTC
Caused by: java.sql.SQLException: No suitable driver

